Se conectó correctamente
Conectado al servidor
a;Tomas;12345
Login exitoso;Tomas;12345;A;1
b;2020-07-12
Ausente
Se conectó correctamente
Conectado al servidor
a;Tomas;12345
Login exitoso;Tomas;12345;A;1
b;2020-07-12
Ausente
Se conectó correctamente
Conectado al servidor
a;Tomas;12345
Login exitoso;Tomas;12345;A;1
b;2020-07-12
Ausente
c;0
Porcentajes;33.00;67.00
Se conectó correctamente
Conectado al servidor
a;Tomas;12345
Login exitoso;Tomas;12345;A;1
c;0
Porcentajes;33.00;67.00
Se conectó correctamente
Conectado al servidor
a;Fernando;93254
Login exitoso;Fernando;93254;D;2
d;2019-12-01
Error de archivos de asistencia
d;2020-06-25
Error de archivos de asistencia
Maximiliano|A
Nicolas|P
Fin de lista
d;2020-06-25
Nicolas|P
Joela|P
Maximiliano|A
Nicolas|P
Fin de lista
e;0
Inicio de lista de alumnos
Joela
Maximiliano
Nicolas
Fin de lista
f;2021-05-03
Archivo de asistencia creado exitosamente
Joela|A
Maximiliano|P
Nicolas|P
Fin de lista
d;2021-05-03
Archivo de asistencia creado exitosamente
Joela|A
Maximiliano|P
Nicolas|P
Fin de lista
Se conectó correctamente
Conectado al servidor
a;Tomas;12345
Login exitoso;Tomas;12345;A;1
b;2020-07-12
Ausente
c;0
Porcentajes;33.00;67.00
Se conectó correctamente
Conectado al servidor
a;Fernando;93254
Login exitoso;Fernando;93254;D;2
c;0
Porcentajes;33.00;67.00
d;2019-05-07
Login exitoso;Fernando;93254;D;2
Joela|A
Maximiliano|P
Fin de lista
b;2019-04-12
Ausente
